* изменено
+ добавлено
- удалено
? в разработке

Повторяю это бета версия в ней много недоработок. 
Весь баг лист вот сюда -> http://jdevelopstation.com/talk/forumdisplay.php?f=20.
Предложения и пожелания вот сюда -> 4669O3O8O

[Path Editor 0.0.0.1]
* изменен вид и система редактирования *.ini файлов
+ InstantZoneData.dat
?+ Eula.dat
?+ Logongrp.dat
- убрана нах локализация, буду делать другую
+ localization.ini
+ ttfontinfo.ini
* изменен редактор, лаг с ентером в едиторе *.ini файлов
 
[Path Editor 0.0.0.2]
+ добавлена локализация, полностью есть русский и английский интерфейс 

[Path Editor 0.0.0.3]
* изменен лаг с кодировкой. Ток внимание редактрировать файлы можно только:
	- l2.ini 
	- localization.ini 
	- user.ini 
	- ttfontinfo.ini. 
  За другие если они есть я за них не отвечаю
* Был лаг прога не запускалась с без настроек и окно ошибки и инфы был пустой.

[Path Editor 0.0.0.4]
+ добавлена опция скрытия в трей.
+ добавлена опция сохранять бак файлы.

[Path Editor 0.0.0.5]
+ добавлена опция быстрые настройки l2.ini
+ контекстне меню в едиторе ини файлов

[Path Editor 1.0.0.0]
* изменен интерфейс
+ быстрые настройки сервера - TEST
+ запуст файла прямо из программы
* изменена кардинально локализация(эт не та локализация что была прежде в L2Dat EncDec просто похожа)
+ апнута к Грации Финал файлики itemname-*.dat, zonename-*.dat, armorgrp-*.dat, castlename-*.dat

[Path Editor 1.0.0.1]
* Все унесено в dll-ку
* исправлены некоторые лаги в *.ini едиторе 
* questname-?.dat Gracia Final/Gracia Plus
* transformdata.dat Gracia Final/Gracia Plus
* как не странно transform.dat для Gracia 2. на Gracia 1 не тестил.:(
+ vehiclepartsgrp.dat Gracia Final/Gracia Plus

[Path Editor 1.2.0.1]
* исправления в *.ini едиторе 
* Разделены хроники Gracia Plus/Epilogue и Gracia Final в связи изменениям структуры файлов в плюсе.
# Провереные файлы на епилоге(Gracia Plus Korean && Gracia Epilogue(Протокол 148)):
* itemname-?.dat
* etcitemgrp.dat 
* skillgrp.dat
* npcgrp.dat
+ itemprime.dat
* zonename-?.dat
+ productname-?.dat
* weapongrp.dat
* Проверено armorgrp.dat (пашет)
# Проверил все файлы что видны в программе, работают на 1--% в епилоге. Eula в разработке.
# Не провереные файлы на финале, потому что нету клиента, но уверен что будет работать ток хроники поменять нада.

[Path Editor 1.3.0.0]
+ logongrp.dat
+ britemgrp.dat
+ charcreategrp.dat
* eula в разработке
+ Начата над встроеным редактором, пока ток просмотр, но и может и не открытся файлов.

[Path Editor 1.3.5.0]
+ Добавлена функции "Блокировать?" для запрета изменения списка.
+ Пишется редактор для быстрого редактирования файлов
* Тестируется на - instancezonedata
* Редактор дописан.

[Path Editor 1.4.0.0]
+ Добавлены для редактирования в редакторе:
  - sysmessage
  - britemgrp
  - musicinfo
  - logongrp
  - npcname
  - gametip     
  - skillname 
  - itemname
  - sceneplayerdata
  - classinfo
  - sysstring
  - commandname
  - itemprime
  - charcreategrp
  - mobskillanimgrp
  - servername
* Почищен код, от лишнего, и добавлено тоже
* Изменен логер на log4net
* Измененна загрузка конфигов, терь конфигы хранятся в реесте.
+ Сохранения размеров столбов в каждом едиторе.
+ Добавлен поиск, бывают проблемы в работе
 - hennagrp
* Исправил загрузку optiondata_client-*.dat, не отображался
* Поправки, локализации после изменений конфигов. пасиб Felixx-су за инфу про недоработку
* Поправка, выбора цвета для системных мессаг и прочих. thx Felixx-су за идею
+ ridedata.dat(редактирования экспортом) - для 100% поддержки нехватает chargrp.dat && eula-*.dat
* Изменена система ФОРМАТОВ даных в файле на более гибкий, убрана старая часть кода(которая осталась от L2Dat EncDec, видно что писал японец:)).
* Формат MTX  признан устарелый. Как это тоже самое что и CNTTXT_PAIR ток в 2 раза больше
 - obscene
 - staticobject
- Формат CNTTXT_PAIR2 удален
* Исправляю код на новую систему форматов, пока тестово, могут быть проблемы
* Исправлены проблемы когда в тексте в файлах есть символы \n \t \r, терь они нормально отображаются в текстовике и не вызывают ошибки при парсинге.
 - actionname
 - symbolname
 
[Path Editor 1.4.5.0]
Попал ко мне клиент Freya, сразу сел найти что нада поигрался часик и вот результат:
+ additionaleffect.dat + едитор
+ npcstring-k.dat  + едитор
+ warningnotice-k.dat  + едитор
+ skillsoundsource.dat
-- И все поддержка сделано... может быть ток что некоторые файлы не читаются и все
* НАКОНЕЦТО: рабочий eula-*.dat, до меня дошло как считать файл, а все оказалось так просто.
+ Изменены названия колонков skillgrp thx Felixx for Epilogue